# JRE version: Java(TM) SE Runtime Environment (8.0_05-b13) (build 1.8.0_05-b13)
# Java VM: Java HotSpot(TM) 64-Bit Server VM (25.5-b02 mixed mode windows-amd64 compressed oops)
Heap:
 PSYoungGen      total 23552K, used 15953K [0x00000000eab00000, 0x00000000ec700000, 0x0000000100000000)
  eden space 21504K, 64% used [0x00000000eab00000,0x00000000eb894a60,0x00000000ec000000)
  from space 2048K, 99% used [0x00000000ec300000,0x00000000ec4ff9b8,0x00000000ec500000)
  to   space 3072K, 0% used [0x00000000ec000000,0x00000000ec000000,0x00000000ec300000)
 ParOldGen       total 129536K, used 5627K [0x00000000c0000000, 0x00000000c7e80000, 0x00000000eab00000)
  object space 129536K, 4% used [0x00000000c0000000,0x00000000c057ed78,0x00000000c7e80000)
 Metaspace       used 15024K, capacity 15362K, committed 15488K, reserved 1062912K
  class space    used 2048K, capacity 2159K, committed 2176K, reserved 1048576K
GC Heap History (10 events):
Event: 3.910 GC heap before
{Heap before GC invocations=14 (full 0):
 PSYoungGen      total 7168K, used 6625K [0x00000000eab00000, 0x00000000eb700000, 0x0000000100000000)
  eden space 6144K, 100% used [0x00000000eab00000,0x00000000eb100000,0x00000000eb100000)
  from space 1024K, 47% used [0x00000000eb100000,0x00000000eb178520,0x00000000eb200000)
  to   space 1024K, 0% used [0x00000000eb600000,0x00000000eb600000,0x00000000eb700000)
 ParOldGen       total 129536K, used 1607K [0x00000000c0000000, 0x00000000c7e80000, 0x00000000eab00000)
  object space 129536K, 1% used [0x00000000c0000000,0x00000000c0191e08,0x00000000c7e80000)
 Metaspace       used 6562K, capacity 6720K, committed 6784K, reserved 1056768K
  class space    used 853K, capacity 895K, committed 896K, reserved 1048576K
Event: 3.911 GC heap after
Heap after GC invocations=14 (full 0):
 PSYoungGen      total 11264K, used 944K [0x00000000eab00000, 0x00000000eb700000, 0x0000000100000000)
  eden space 10240K, 0% used [0x00000000eab00000,0x00000000eab00000,0x00000000eb500000)
  from space 1024K, 92% used [0x00000000eb600000,0x00000000eb6ec238,0x00000000eb700000)
  to   space 1024K, 0% used [0x00000000eb500000,0x00000000eb500000,0x00000000eb600000)
 ParOldGen       total 129536K, used 1752K [0x00000000c0000000, 0x00000000c7e80000, 0x00000000eab00000)
  object space 129536K, 1% used [0x00000000c0000000,0x00000000c01b6328,0x00000000c7e80000)
 Metaspace       used 6562K, capacity 6720K, committed 6784K, reserved 1056768K
  class space    used 853K, capacity 895K, committed 896K, reserved 1048576K
}
Event: 6.752 GC heap before
{Heap before GC invocations=15 (full 0):
 PSYoungGen      total 11264K, used 11184K [0x00000000eab00000, 0x00000000eb700000, 0x0000000100000000)
  eden space 10240K, 100% used [0x00000000eab00000,0x00000000eb500000,0x00000000eb500000)
  from space 1024K, 92% used [0x00000000eb600000,0x00000000eb6ec238,0x00000000eb700000)
  to   space 1024K, 0% used [0x00000000eb500000,0x00000000eb500000,0x00000000eb600000)
 ParOldGen       total 129536K, used 1752K [0x00000000c0000000, 0x00000000c7e80000, 0x00000000eab00000)
  object space 129536K, 1% used [0x00000000c0000000,0x00000000c01b6328,0x00000000c7e80000)
 Metaspace       used 9291K, capacity 9602K, committed 9856K, reserved 1058816K
  class space    used 1246K, capacity 1341K, committed 1408K, reserved 1048576K
Event: 6.756 GC heap after
Heap after GC invocations=15 (full 0):
 PSYoungGen      total 11264K, used 1024K [0x00000000eab00000, 0x00000000ebe00000, 0x0000000100000000)
  eden space 10240K, 0% used [0x00000000eab00000,0x00000000eab00000,0x00000000eb500000)
  from space 1024K, 100% used [0x00000000eb500000,0x00000000eb600000,0x00000000eb600000)
  to   space 1536K, 0% used [0x00000000ebc80000,0x00000000ebc80000,0x00000000ebe00000)
 ParOldGen       total 129536K, used 2906K [0x00000000c0000000, 0x00000000c7e80000, 0x00000000eab00000)
  object space 129536K, 2% used [0x00000000c0000000,0x00000000c02d6b88,0x00000000c7e80000)
 Metaspace       used 9291K, capacity 9602K, committed 9856K, reserved 1058816K
  class space    used 1246K, capacity 1341K, committed 1408K, reserved 1048576K
}
Event: 7.088 GC heap before
{Heap before GC invocations=16 (full 0):
 PSYoungGen      total 11264K, used 11264K [0x00000000eab00000, 0x00000000ebe00000, 0x0000000100000000)
  eden space 10240K, 100% used [0x00000000eab00000,0x00000000eb500000,0x00000000eb500000)
  from space 1024K, 100% used [0x00000000eb500000,0x00000000eb600000,0x00000000eb600000)
  to   space 1536K, 0% used [0x00000000ebc80000,0x00000000ebc80000,0x00000000ebe00000)
 ParOldGen       total 129536K, used 2906K [0x00000000c0000000, 0x00000000c7e80000, 0x00000000eab00000)
  object space 129536K, 2% used [0x00000000c0000000,0x00000000c02d6b88,0x00000000c7e80000)
 Metaspace       used 9742K, capacity 10052K, committed 10240K, reserved 1058816K
  class space    used 1317K, capacity 1416K, committed 1536K, reserved 1048576K
Event: 7.096 GC heap after
Heap after GC invocations=16 (full 0):
 PSYoungGen      total 17408K, used 1355K [0x00000000eab00000, 0x00000000ebf00000, 0x0000000100000000)
  eden space 15872K, 0% used [0x00000000eab00000,0x00000000eab00000,0x00000000eba80000)
  from space 1536K, 88% used [0x00000000ebc80000,0x00000000ebdd2f80,0x00000000ebe00000)
  to   space 2048K, 0% used [0x00000000eba80000,0x00000000eba80000,0x00000000ebc80000)
 ParOldGen       total 129536K, used 3751K [0x00000000c0000000, 0x00000000c7e80000, 0x00000000eab00000)
  object space 129536K, 2% used [0x00000000c0000000,0x00000000c03a9c78,0x00000000c7e80000)
 Metaspace       used 9742K, capacity 10052K, committed 10240K, reserved 1058816K
  class space    used 1317K, capacity 1416K, committed 1536K, reserved 1048576K
}
Event: 7.715 GC heap before
{Heap before GC invocations=17 (full 0):
 PSYoungGen      total 17408K, used 17227K [0x00000000eab00000, 0x00000000ebf00000, 0x0000000100000000)
  eden space 15872K, 100% used [0x00000000eab00000,0x00000000eba80000,0x00000000eba80000)
  from space 1536K, 88% used [0x00000000ebc80000,0x00000000ebdd2f80,0x00000000ebe00000)
  to   space 2048K, 0% used [0x00000000eba80000,0x00000000eba80000,0x00000000ebc80000)
 ParOldGen       total 129536K, used 3751K [0x00000000c0000000, 0x00000000c7e80000, 0x00000000eab00000)
  object space 129536K, 2% used [0x00000000c0000000,0x00000000c03a9c78,0x00000000c7e80000)
 Metaspace       used 11664K, capacity 11984K, committed 12288K, reserved 1060864K
  class space    used 1592K, capacity 1676K, committed 1792K, reserved 1048576K
Event: 7.718 GC heap after
Heap after GC invocations=17 (full 0):
 PSYoungGen      total 17920K, used 2030K [0x00000000eab00000, 0x00000000ec500000, 0x0000000100000000)
  eden space 15872K, 0% used [0x00000000eab00000,0x00000000eab00000,0x00000000eba80000)
  from space 2048K, 99% used [0x00000000eba80000,0x00000000ebc7b920,0x00000000ebc80000)
  to   space 2048K, 0% used [0x00000000ec300000,0x00000000ec300000,0x00000000ec500000)
 ParOldGen       total 129536K, used 3951K [0x00000000c0000000, 0x00000000c7e80000, 0x00000000eab00000)
  object space 129536K, 3% used [0x00000000c0000000,0x00000000c03dbc78,0x00000000c7e80000)
 Metaspace       used 11664K, capacity 11984K, committed 12288K, reserved 1060864K
  class space    used 1592K, capacity 1676K, committed 1792K, reserved 1048576K
}
Event: 8.421 GC heap before
{Heap before GC invocations=18 (full 0):
 PSYoungGen      total 17920K, used 17902K [0x00000000eab00000, 0x00000000ec500000, 0x0000000100000000)
  eden space 15872K, 100% used [0x00000000eab00000,0x00000000eba80000,0x00000000eba80000)
  from space 2048K, 99% used [0x00000000eba80000,0x00000000ebc7b920,0x00000000ebc80000)
  to   space 2048K, 0% used [0x00000000ec300000,0x00000000ec300000,0x00000000ec500000)
 ParOldGen       total 129536K, used 3951K [0x00000000c0000000, 0x00000000c7e80000, 0x00000000eab00000)
  object space 129536K, 3% used [0x00000000c0000000,0x00000000c03dbc78,0x00000000c7e80000)
 Metaspace       used 14254K, capacity 14594K, committed 14976K, reserved 1062912K
  class space    used 1967K, capacity 2095K, committed 2176K, reserved 1048576K
Event: 8.425 GC heap after
Heap after GC invocations=18 (full 0):
 PSYoungGen      total 23552K, used 2046K [0x00000000eab00000, 0x00000000ec700000, 0x0000000100000000)
  eden space 21504K, 0% used [0x00000000eab00000,0x00000000eab00000,0x00000000ec000000)
  from space 2048K, 99% used [0x00000000ec300000,0x00000000ec4ff9b8,0x00000000ec500000)
  to   space 3072K, 0% used [0x00000000ec000000,0x00000000ec000000,0x00000000ec300000)
 ParOldGen       total 129536K, used 5627K [0x00000000c0000000, 0x00000000c7e80000, 0x00000000eab00000)
  object space 129536K, 4% used [0x00000000c0000000,0x00000000c057ed78,0x00000000c7e80000)
 Metaspace       used 14254K, capacity 14594K, committed 14976K, reserved 1062912K
  class space    used 1967K, capacity 2095K, committed 2176K, reserved 1048576K
}

