# JRE version: Java(TM) SE Runtime Environment (8.0_05-b13) (build 1.8.0_05-b13)
# Java VM: Java HotSpot(TM) 64-Bit Server VM (25.5-b02 mixed mode windows-amd64 compressed oops)
Heap:
 PSYoungGen      total 89088K, used 52879K [0x00000000eab00000, 0x00000000f2900000, 0x0000000100000000)
  eden space 53248K, 99% used [0x00000000eab00000,0x00000000edea3d50,0x00000000edf00000)
  from space 35840K, 0% used [0x00000000edf00000,0x00000000edf00000,0x00000000f0200000)
  to   space 36864K, 0% used [0x00000000f0500000,0x00000000f0500000,0x00000000f2900000)
 ParOldGen       total 74752K, used 74691K [0x00000000c0000000, 0x00000000c4900000, 0x00000000eab00000)
  object space 74752K, 99% used [0x00000000c0000000,0x00000000c48f0f88,0x00000000c4900000)
 Metaspace       used 57436K, capacity 61002K, committed 61056K, reserved 1101824K
  class space    used 7986K, capacity 9337K, committed 9344K, reserved 1048576K
GC Heap History (10 events):
Event: 457.533 GC heap before
{Heap before GC invocations=52 (full 8):
 PSYoungGen      total 84480K, used 78519K [0x00000000eab00000, 0x00000000f2300000, 0x0000000100000000)
  eden space 53248K, 100% used [0x00000000eab00000,0x00000000edf00000,0x00000000edf00000)
  from space 31232K, 80% used [0x00000000edf00000,0x00000000ef7adc78,0x00000000efd80000)
  to   space 33792K, 0% used [0x00000000f0200000,0x00000000f0200000,0x00000000f2300000)
 ParOldGen       total 74752K, used 58299K [0x00000000c0000000, 0x00000000c4900000, 0x00000000eab00000)
  object space 74752K, 77% used [0x00000000c0000000,0x00000000c38eefc0,0x00000000c4900000)
 Metaspace       used 51820K, capacity 54626K, committed 54656K, reserved 1095680K
  class space    used 7219K, capacity 8305K, committed 8320K, reserved 1048576K
Event: 457.551 GC heap after
Heap after GC invocations=52 (full 8):
 PSYoungGen      total 87040K, used 25325K [0x00000000eab00000, 0x00000000f2700000, 0x0000000100000000)
  eden space 53248K, 0% used [0x00000000eab00000,0x00000000eab00000,0x00000000edf00000)
  from space 33792K, 74% used [0x00000000f0200000,0x00000000f1abb768,0x00000000f2300000)
  to   space 35840K, 0% used [0x00000000edf00000,0x00000000edf00000,0x00000000f0200000)
 ParOldGen       total 74752K, used 58307K [0x00000000c0000000, 0x00000000c4900000, 0x00000000eab00000)
  object space 74752K, 78% used [0x00000000c0000000,0x00000000c38f0fc0,0x00000000c4900000)
 Metaspace       used 51820K, capacity 54626K, committed 54656K, reserved 1095680K
  class space    used 7219K, capacity 8305K, committed 8320K, reserved 1048576K
}
Event: 461.318 GC heap before
{Heap before GC invocations=53 (full 8):
 PSYoungGen      total 87040K, used 73103K [0x00000000eab00000, 0x00000000f2700000, 0x0000000100000000)
  eden space 53248K, 89% used [0x00000000eab00000,0x00000000ed9a8608,0x00000000edf00000)
  from space 33792K, 74% used [0x00000000f0200000,0x00000000f1abb768,0x00000000f2300000)
  to   space 35840K, 0% used [0x00000000edf00000,0x00000000edf00000,0x00000000f0200000)
 ParOldGen       total 74752K, used 58307K [0x00000000c0000000, 0x00000000c4900000, 0x00000000eab00000)
  object space 74752K, 78% used [0x00000000c0000000,0x00000000c38f0fc0,0x00000000c4900000)
 Metaspace       used 53013K, capacity 56002K, committed 56192K, reserved 1097728K
  class space    used 7396K, capacity 8545K, committed 8576K, reserved 1048576K
Event: 461.339 GC heap after
Heap after GC invocations=53 (full 8):
 PSYoungGen      total 89088K, used 24566K [0x00000000eab00000, 0x00000000f2900000, 0x0000000100000000)
  eden space 53248K, 0% used [0x00000000eab00000,0x00000000eab00000,0x00000000edf00000)
  from space 35840K, 68% used [0x00000000edf00000,0x00000000ef6fd808,0x00000000f0200000)
  to   space 36864K, 0% used [0x00000000f0500000,0x00000000f0500000,0x00000000f2900000)
 ParOldGen       total 74752K, used 58307K [0x00000000c0000000, 0x00000000c4900000, 0x00000000eab00000)
  object space 74752K, 78% used [0x00000000c0000000,0x00000000c38f0fc0,0x00000000c4900000)
 Metaspace       used 53013K, capacity 56002K, committed 56192K, reserved 1097728K
  class space    used 7396K, capacity 8545K, committed 8576K, reserved 1048576K
}
Event: 461.339 GC heap before
{Heap before GC invocations=54 (full 9):
 PSYoungGen      total 89088K, used 24566K [0x00000000eab00000, 0x00000000f2900000, 0x0000000100000000)
  eden space 53248K, 0% used [0x00000000eab00000,0x00000000eab00000,0x00000000edf00000)
  from space 35840K, 68% used [0x00000000edf00000,0x00000000ef6fd808,0x00000000f0200000)
  to   space 36864K, 0% used [0x00000000f0500000,0x00000000f0500000,0x00000000f2900000)
 ParOldGen       total 74752K, used 58307K [0x00000000c0000000, 0x00000000c4900000, 0x00000000eab00000)
  object space 74752K, 78% used [0x00000000c0000000,0x00000000c38f0fc0,0x00000000c4900000)
 Metaspace       used 53013K, capacity 56002K, committed 56192K, reserved 1097728K
  class space    used 7396K, capacity 8545K, committed 8576K, reserved 1048576K
Event: 461.809 GC heap after
Heap after GC invocations=54 (full 9):
 PSYoungGen      total 89088K, used 6541K [0x00000000eab00000, 0x00000000f2900000, 0x0000000100000000)
  eden space 53248K, 0% used [0x00000000eab00000,0x00000000eab00000,0x00000000edf00000)
  from space 35840K, 18% used [0x00000000edf00000,0x00000000ee563478,0x00000000f0200000)
  to   space 36864K, 0% used [0x00000000f0500000,0x00000000f0500000,0x00000000f2900000)
 ParOldGen       total 74752K, used 74559K [0x00000000c0000000, 0x00000000c4900000, 0x00000000eab00000)
  object space 74752K, 99% used [0x00000000c0000000,0x00000000c48cffa0,0x00000000c4900000)
 Metaspace       used 53013K, capacity 56002K, committed 56192K, reserved 1097728K
  class space    used 7396K, capacity 8545K, committed 8576K, reserved 1048576K
}
Event: 616.963 GC heap before
{Heap before GC invocations=55 (full 10):
 PSYoungGen      total 89088K, used 59789K [0x00000000eab00000, 0x00000000f2900000, 0x0000000100000000)
  eden space 53248K, 100% used [0x00000000eab00000,0x00000000edf00000,0x00000000edf00000)
  from space 35840K, 18% used [0x00000000edf00000,0x00000000ee563478,0x00000000f0200000)
  to   space 36864K, 0% used [0x00000000f0500000,0x00000000f0500000,0x00000000f2900000)
 ParOldGen       total 74752K, used 74559K [0x00000000c0000000, 0x00000000c4900000, 0x00000000eab00000)
  object space 74752K, 99% used [0x00000000c0000000,0x00000000c48cffa0,0x00000000c4900000)
 Metaspace       used 54948K, capacity 58388K, committed 58624K, reserved 1099776K
  class space    used 7615K, capacity 8900K, committed 8960K, reserved 1048576K
Event: 617.569 GC heap after
Heap after GC invocations=55 (full 10):
 PSYoungGen      total 89088K, used 11716K [0x00000000eab00000, 0x00000000f2900000, 0x0000000100000000)
  eden space 53248K, 22% used [0x00000000eab00000,0x00000000eb671270,0x00000000edf00000)
  from space 35840K, 0% used [0x00000000edf00000,0x00000000edf00000,0x00000000f0200000)
  to   space 36864K, 0% used [0x00000000f0500000,0x00000000f0500000,0x00000000f2900000)
 ParOldGen       total 74752K, used 74741K [0x00000000c0000000, 0x00000000c4900000, 0x00000000eab00000)
  object space 74752K, 99% used [0x00000000c0000000,0x00000000c48fd5f0,0x00000000c4900000)
 Metaspace       used 54948K, capacity 58388K, committed 58624K, reserved 1099776K
  class space    used 7615K, capacity 8900K, committed 8960K, reserved 1048576K
}
Event: 617.982 GC heap before
{Heap before GC invocations=56 (full 11):
 PSYoungGen      total 89088K, used 53248K [0x00000000eab00000, 0x00000000f2900000, 0x0000000100000000)
  eden space 53248K, 100% used [0x00000000eab00000,0x00000000edf00000,0x00000000edf00000)
  from space 35840K, 0% used [0x00000000edf00000,0x00000000edf00000,0x00000000f0200000)
  to   space 36864K, 0% used [0x00000000f0500000,0x00000000f0500000,0x00000000f2900000)
 ParOldGen       total 74752K, used 74741K [0x00000000c0000000, 0x00000000c4900000, 0x00000000eab00000)
  object space 74752K, 99% used [0x00000000c0000000,0x00000000c48fd5f0,0x00000000c4900000)
 Metaspace       used 56436K, capacity 59940K, committed 60160K, reserved 1099776K
  class space    used 7833K, capacity 9183K, committed 9216K, reserved 1048576K
Event: 618.431 GC heap after
Heap after GC invocations=56 (full 11):
 PSYoungGen      total 89088K, used 16266K [0x00000000eab00000, 0x00000000f2900000, 0x0000000100000000)
  eden space 53248K, 30% used [0x00000000eab00000,0x00000000ebae2970,0x00000000edf00000)
  from space 35840K, 0% used [0x00000000edf00000,0x00000000edf00000,0x00000000f0200000)
  to   space 36864K, 0% used [0x00000000f0500000,0x00000000f0500000,0x00000000f2900000)
 ParOldGen       total 74752K, used 74691K [0x00000000c0000000, 0x00000000c4900000, 0x00000000eab00000)
  object space 74752K, 99% used [0x00000000c0000000,0x00000000c48f0f88,0x00000000c4900000)
 Metaspace       used 56436K, capacity 59940K, committed 60160K, reserved 1099776K
  class space    used 7833K, capacity 9183K, committed 9216K, reserved 1048576K
}

